#-----------------------------------------------------------
# Vivado v2017.4 (64-bit)
# SW Build 2086221 on Fri Dec 15 20:55:39 MST 2017
# IP Build 2085800 on Fri Dec 15 22:25:07 MST 2017
# Start of session at: Sun Jun  2 22:59:15 2024
# Process ID: 4500
# Current directory: C:/digital_system_study/pill_box
# Command line: vivado.exe -gui_launcher_event rodinguilauncherevent10560 C:\digital_system_study\pill_box\pill_box.xpr
# Log file: C:/digital_system_study/pill_box/vivado.log
# Journal file: C:/digital_system_study/pill_box\vivado.jou
#-----------------------------------------------------------
start_gui
open_project C:/digital_system_study/pill_box/pill_box.xpr
Scanning sources...
Finished scanning sources
INFO: [IP_Flow 19-234] Refreshing IP repositories
INFO: [IP_Flow 19-1704] No user IP repositories specified
INFO: [IP_Flow 19-2313] Loaded Vivado IP repository 'C:/digital_system_study/Vivado/2017.4/data/ip'.
update_compile_order -fileset sources_1
exit
INFO: [Common 17-206] Exiting Vivado at Sun Jun  2 23:16:03 2024...
